c:\users\georg\source\repos\staticopticaldensity\opticaldensityapplication\x64\debug\availableplotssubmenu.obj
c:\users\georg\source\repos\staticopticaldensity\opticaldensityapplication\x64\debug\main.obj
c:\users\georg\source\repos\staticopticaldensity\opticaldensityapplication\x64\debug\popupmenu.obj
c:\users\georg\source\repos\staticopticaldensity\opticaldensityapplication\x64\debug\axismodifier.obj
c:\users\georg\source\repos\staticopticaldensity\opticaldensityapplication\x64\debug\opticaldensityapplication.obj
c:\users\georg\source\repos\staticopticaldensity\opticaldensityapplication\x64\debug\plotcustomizerdialog.obj
c:\users\georg\source\repos\staticopticaldensity\opticaldensityapplication\x64\debug\axismodifierwidget.obj
c:\users\georg\source\repos\staticopticaldensity\opticaldensityapplication\x64\debug\inputparameterswidget.obj
c:\users\georg\source\repos\staticopticaldensity\opticaldensityapplication\x64\debug\qcustomplot.obj
c:\users\georg\source\repos\staticopticaldensity\opticaldensityapplication\x64\debug\availableplotssubmenusignalsslots.obj
c:\users\georg\source\repos\staticopticaldensity\opticaldensityapplication\x64\debug\submenu.obj
c:\users\georg\source\repos\staticopticaldensity\opticaldensityapplication\x64\debug\opticaldensityapplicationslotssignals.obj
c:\users\georg\source\repos\staticopticaldensity\opticaldensityapplication\x64\debug\moc_qcustomplot.obj
c:\users\georg\source\repos\staticopticaldensity\opticaldensityapplication\x64\debug\moc_popupmenu.obj
c:\users\georg\source\repos\staticopticaldensity\opticaldensityapplication\x64\debug\moc_opticaldensityapplication.obj
c:\users\georg\source\repos\staticopticaldensity\opticaldensityapplication\x64\debug\moc_plotcustomizerdialog.obj
c:\users\georg\source\repos\staticopticaldensity\opticaldensityapplication\x64\debug\qrc_opticaldensityapplication.obj
c:\users\georg\source\repos\staticopticaldensity\opticaldensityapplication\x64\debug\moc_axismodifierwidget.obj
c:\users\georg\source\repos\staticopticaldensity\opticaldensityapplication\x64\debug\moc_axismodifier.obj
c:\users\georg\source\repos\staticopticaldensity\opticaldensityapplication\x64\debug\moc_submenu.obj
c:\users\georg\source\repos\staticopticaldensity\opticaldensityapplication\x64\debug\moc_inputparameterswidget.obj
c:\users\georg\source\repos\staticopticaldensity\opticaldensityapplication\x64\debug\moc_availableplotssubmenu.obj
c:\users\georg\source\repos\staticopticaldensity\opticaldensityapplication\x64\debug\moc_opticaldencitypipeline.obj
c:\users\georg\source\repos\staticopticaldensity\opticaldensityapplication\x64\debug\moc_modeinputparameterswidget.obj
c:\users\georg\source\repos\staticopticaldensity\opticaldensityapplication\x64\debug\modeinputparameterswidget.obj
c:\users\georg\source\repos\staticopticaldensity\opticaldensityapplication\x64\debug\calculationwidget.obj
c:\users\georg\source\repos\staticopticaldensity\opticaldensityapplication\x64\debug\moc_calculationwidget.obj
c:\users\georg\source\repos\staticopticaldensity\opticaldensityapplication\x64\debug\vc142.pdb
c:\users\georg\source\repos\staticopticaldensity\x64\debug\opticaldensityapplication.exe
c:\users\georg\source\repos\staticopticaldensity\x64\debug\opticaldensityapplication.ilk
c:\users\georg\source\repos\staticopticaldensity\x64\debug\opticaldensityapplication.pdb
c:\users\georg\source\repos\staticopticaldensity\opticaldensityapplication\x64\debug\moc\moc_opticaldensityapplication.cpp
c:\users\georg\source\repos\staticopticaldensity\opticaldensityapplication\x64\debug\moc\moc_qcustomplot.cpp
c:\users\georg\source\repos\staticopticaldensity\opticaldensityapplication\x64\debug\moc\moc_popupmenu.cpp
c:\users\georg\source\repos\staticopticaldensity\opticaldensityapplication\x64\debug\moc\moc_availableplotssubmenu.cpp
c:\users\georg\source\repos\staticopticaldensity\opticaldensityapplication\x64\debug\moc\moc_plotcustomizerdialog.cpp
c:\users\georg\source\repos\staticopticaldensity\opticaldensityapplication\x64\debug\moc\moc_submenu.cpp
c:\users\georg\source\repos\staticopticaldensity\opticaldensityapplication\x64\debug\moc\moc_axismodifier.cpp
c:\users\georg\source\repos\staticopticaldensity\opticaldensityapplication\x64\debug\moc\moc_axismodifierwidget.cpp
c:\users\georg\source\repos\staticopticaldensity\opticaldensityapplication\x64\debug\moc\moc_inputparameterswidget.cpp
c:\users\georg\source\repos\staticopticaldensity\opticaldensityapplication\x64\debug\moc\moc_opticaldencitypipeline.cpp
c:\users\georg\source\repos\staticopticaldensity\opticaldensityapplication\x64\debug\moc\moc_modeinputparameterswidget.cpp
c:\users\georg\source\repos\staticopticaldensity\opticaldensityapplication\x64\debug\moc\moc_calculationwidget.cpp
c:\users\georg\source\repos\staticopticaldensity\opticaldensityapplication\x64\debug\uic\ui_axismodifierwidget.h
c:\users\georg\source\repos\staticopticaldensity\opticaldensityapplication\x64\debug\uic\ui_inputparameterswidget.h
c:\users\georg\source\repos\staticopticaldensity\opticaldensityapplication\x64\debug\uic\ui_opticaldensityapplication.h
c:\users\georg\source\repos\staticopticaldensity\opticaldensityapplication\x64\debug\uic\ui_plotcustomizer.h
c:\users\georg\source\repos\staticopticaldensity\opticaldensityapplication\x64\debug\rcc\qrc_opticaldensityapplication.cpp
c:\users\georg\source\repos\staticopticaldensity\x64\debug\opticaldensityapplication.lib
c:\users\georg\source\repos\staticopticaldensity\x64\debug\opticaldensityapplication.exp
c:\users\georg\source\repos\staticopticaldensity\opticaldensityapplication\x64\debug\uic\ui_modeinputparameterswidget.h
c:\users\georg\source\repos\staticopticaldensity\opticaldensityapplication\x64\debug\uic\ui_calculationwidget.h
c:\users\georg\source\repos\staticopticaldensity\opticaldensityapplication\x64\debug\opticald.5714c957.tlog\cl.command.1.tlog
c:\users\georg\source\repos\staticopticaldensity\opticaldensityapplication\x64\debug\opticald.5714c957.tlog\cl.read.1.tlog
c:\users\georg\source\repos\staticopticaldensity\opticaldensityapplication\x64\debug\opticald.5714c957.tlog\cl.write.1.tlog
c:\users\georg\source\repos\staticopticaldensity\opticaldensityapplication\x64\debug\opticald.5714c957.tlog\link.command.1.tlog
c:\users\georg\source\repos\staticopticaldensity\opticaldensityapplication\x64\debug\opticald.5714c957.tlog\link.read.1.tlog
c:\users\georg\source\repos\staticopticaldensity\opticaldensityapplication\x64\debug\opticald.5714c957.tlog\link.write.1.tlog
c:\users\georg\source\repos\staticopticaldensity\opticaldensityapplication\x64\debug\opticald.5714c957.tlog\moc.read.1u.tlog
c:\users\georg\source\repos\staticopticaldensity\opticaldensityapplication\x64\debug\opticald.5714c957.tlog\moc.write.1u.tlog
c:\users\georg\source\repos\staticopticaldensity\opticaldensityapplication\x64\debug\opticald.5714c957.tlog\opticaldensityapplication.write.1u.tlog
c:\users\georg\source\repos\staticopticaldensity\opticaldensityapplication\x64\debug\opticald.5714c957.tlog\rcc.read.1u.tlog
c:\users\georg\source\repos\staticopticaldensity\opticaldensityapplication\x64\debug\opticald.5714c957.tlog\rcc.write.1u.tlog
c:\users\georg\source\repos\staticopticaldensity\opticaldensityapplication\x64\debug\opticald.5714c957.tlog\uic.read.1u.tlog
c:\users\georg\source\repos\staticopticaldensity\opticaldensityapplication\x64\debug\opticald.5714c957.tlog\uic.write.1u.tlog
