c:\users\georg\source\repos\staticopticaldensity\opticaldensityapplication\x64\release\axismodifier.obj
c:\users\georg\source\repos\staticopticaldensity\opticaldensityapplication\x64\release\opticaldensityapplication.obj
c:\users\georg\source\repos\staticopticaldensity\opticaldensityapplication\x64\release\opticaldensityapplicationslotssignals.obj
c:\users\georg\source\repos\staticopticaldensity\opticaldensityapplication\x64\release\availableplotssubmenu.obj
c:\users\georg\source\repos\staticopticaldensity\opticaldensityapplication\x64\release\main.obj
c:\users\georg\source\repos\staticopticaldensity\opticaldensityapplication\x64\release\availableplotssubmenusignalsslots.obj
c:\users\georg\source\repos\staticopticaldensity\opticaldensityapplication\x64\release\modeinputparameterswidget.obj
c:\users\georg\source\repos\staticopticaldensity\opticaldensityapplication\x64\release\axismodifierwidget.obj
c:\users\georg\source\repos\staticopticaldensity\opticaldensityapplication\x64\release\inputparameterswidget.obj
c:\users\georg\source\repos\staticopticaldensity\opticaldensityapplication\x64\release\popupmenu.obj
c:\users\georg\source\repos\staticopticaldensity\opticaldensityapplication\x64\release\calculationwidget.obj
c:\users\georg\source\repos\staticopticaldensity\opticaldensityapplication\x64\release\plotcustomizerdialog.obj
c:\users\georg\source\repos\staticopticaldensity\opticaldensityapplication\x64\release\moc_opticaldencitypipeline.obj
c:\users\georg\source\repos\staticopticaldensity\opticaldensityapplication\x64\release\moc_calculationwidget.obj
c:\users\georg\source\repos\staticopticaldensity\opticaldensityapplication\x64\release\moc_opticaldensityapplication.obj
c:\users\georg\source\repos\staticopticaldensity\opticaldensityapplication\x64\release\moc_inputparameterswidget.obj
c:\users\georg\source\repos\staticopticaldensity\opticaldensityapplication\x64\release\moc_popupmenu.obj
c:\users\georg\source\repos\staticopticaldensity\opticaldensityapplication\x64\release\moc_availableplotssubmenu.obj
c:\users\georg\source\repos\staticopticaldensity\opticaldensityapplication\x64\release\moc_axismodifierwidget.obj
c:\users\georg\source\repos\staticopticaldensity\opticaldensityapplication\x64\release\moc_modeinputparameterswidget.obj
c:\users\georg\source\repos\staticopticaldensity\opticaldensityapplication\x64\release\moc_qcustomplot.obj
c:\users\georg\source\repos\staticopticaldensity\opticaldensityapplication\x64\release\moc_plotcustomizerdialog.obj
c:\users\georg\source\repos\staticopticaldensity\opticaldensityapplication\x64\release\moc_submenu.obj
c:\users\georg\source\repos\staticopticaldensity\opticaldensityapplication\x64\release\moc_axismodifier.obj
c:\users\georg\source\repos\staticopticaldensity\opticaldensityapplication\x64\release\qrc_opticaldensityapplication.obj
c:\users\georg\source\repos\staticopticaldensity\opticaldensityapplication\x64\release\submenu.obj
c:\users\georg\source\repos\staticopticaldensity\opticaldensityapplication\x64\release\qcustomplot.obj
c:\users\georg\source\repos\staticopticaldensity\x64\release\opticaldensityapplication.exe
c:\users\georg\source\repos\staticopticaldensity\opticaldensityapplication\x64\release\moc\moc_opticaldensityapplication.cpp
c:\users\georg\source\repos\staticopticaldensity\opticaldensityapplication\x64\release\moc\moc_qcustomplot.cpp
c:\users\georg\source\repos\staticopticaldensity\opticaldensityapplication\x64\release\moc\moc_popupmenu.cpp
c:\users\georg\source\repos\staticopticaldensity\opticaldensityapplication\x64\release\moc\moc_availableplotssubmenu.cpp
c:\users\georg\source\repos\staticopticaldensity\opticaldensityapplication\x64\release\moc\moc_plotcustomizerdialog.cpp
c:\users\georg\source\repos\staticopticaldensity\opticaldensityapplication\x64\release\moc\moc_submenu.cpp
c:\users\georg\source\repos\staticopticaldensity\opticaldensityapplication\x64\release\moc\moc_axismodifier.cpp
c:\users\georg\source\repos\staticopticaldensity\opticaldensityapplication\x64\release\moc\moc_axismodifierwidget.cpp
c:\users\georg\source\repos\staticopticaldensity\opticaldensityapplication\x64\release\moc\moc_inputparameterswidget.cpp
c:\users\georg\source\repos\staticopticaldensity\opticaldensityapplication\x64\release\moc\moc_opticaldencitypipeline.cpp
c:\users\georg\source\repos\staticopticaldensity\opticaldensityapplication\x64\release\moc\moc_modeinputparameterswidget.cpp
c:\users\georg\source\repos\staticopticaldensity\opticaldensityapplication\x64\release\moc\moc_calculationwidget.cpp
c:\users\georg\source\repos\staticopticaldensity\opticaldensityapplication\x64\release\uic\ui_calculationwidget.h
c:\users\georg\source\repos\staticopticaldensity\opticaldensityapplication\x64\release\uic\ui_opticaldensityapplication.h
c:\users\georg\source\repos\staticopticaldensity\opticaldensityapplication\x64\release\uic\ui_plotcustomizer.h
c:\users\georg\source\repos\staticopticaldensity\opticaldensityapplication\x64\release\rcc\qrc_opticaldensityapplication.cpp
c:\users\georg\source\repos\staticopticaldensity\opticaldensityapplication\x64\release\uic\ui_axismodifierwidget.h
c:\users\georg\source\repos\staticopticaldensity\opticaldensityapplication\x64\release\uic\ui_inputparameterswidget.h
c:\users\georg\source\repos\staticopticaldensity\opticaldensityapplication\x64\release\uic\ui_modeinputparameterswidget.h
c:\users\georg\source\repos\staticopticaldensity\x64\release\opticaldensityapplication.lib
c:\users\georg\source\repos\staticopticaldensity\x64\release\opticaldensityapplication.exp
c:\users\georg\source\repos\staticopticaldensity\opticaldensityapplication\x64\release\opticald.5714c957.tlog\cl.command.1.tlog
c:\users\georg\source\repos\staticopticaldensity\opticaldensityapplication\x64\release\opticald.5714c957.tlog\cl.read.1.tlog
c:\users\georg\source\repos\staticopticaldensity\opticaldensityapplication\x64\release\opticald.5714c957.tlog\cl.write.1.tlog
c:\users\georg\source\repos\staticopticaldensity\opticaldensityapplication\x64\release\opticald.5714c957.tlog\link.command.1.tlog
c:\users\georg\source\repos\staticopticaldensity\opticaldensityapplication\x64\release\opticald.5714c957.tlog\link.delete.1.tlog
c:\users\georg\source\repos\staticopticaldensity\opticaldensityapplication\x64\release\opticald.5714c957.tlog\link.read.1.tlog
c:\users\georg\source\repos\staticopticaldensity\opticaldensityapplication\x64\release\opticald.5714c957.tlog\link.write.1.tlog
c:\users\georg\source\repos\staticopticaldensity\opticaldensityapplication\x64\release\opticald.5714c957.tlog\moc.read.1u.tlog
c:\users\georg\source\repos\staticopticaldensity\opticaldensityapplication\x64\release\opticald.5714c957.tlog\moc.write.1u.tlog
c:\users\georg\source\repos\staticopticaldensity\opticaldensityapplication\x64\release\opticald.5714c957.tlog\opticaldensityapplication.write.1u.tlog
c:\users\georg\source\repos\staticopticaldensity\opticaldensityapplication\x64\release\opticald.5714c957.tlog\rcc.read.1u.tlog
c:\users\georg\source\repos\staticopticaldensity\opticaldensityapplication\x64\release\opticald.5714c957.tlog\rcc.write.1u.tlog
c:\users\georg\source\repos\staticopticaldensity\opticaldensityapplication\x64\release\opticald.5714c957.tlog\uic.read.1u.tlog
c:\users\georg\source\repos\staticopticaldensity\opticaldensityapplication\x64\release\opticald.5714c957.tlog\uic.write.1u.tlog
